SF:lib/src/meta_weather_api_client.dart
DA:27,2
DA:35,1
DA:36,1
DA:39,1
DA:42,3
DA:45,2
DA:46,1
DA:49,1
DA:50,1
DA:53,1
DA:54,1
DA:57,2
DA:61,1
DA:64,2
DA:66,3
DA:68,2
DA:69,1
DA:71,2
DA:73,1
DA:74,1
DA:77,1
DA:79,1
DA:80,1
DA:83,2
LF:24
LH:24
end_of_record
SF:lib/src/models/location.dart
DA:24,3
DA:44,1
DA:51,4
DA:63,1
DA:70,6
DA:74,0
DA:76,0
DA:80,1
DA:82,1
DA:83,1
DA:84,2
DA:85,2
LF:12
LH:10
end_of_record
SF:lib/src/models/location.g.dart
DA:11,2
DA:12,4
DA:13,1
DA:14,4
DA:15,2
DA:16,4
DA:17,1
DA:18,2
DA:19,2
DA:28,2
DA:34,0
DA:36,0
DA:40,4
DA:41,6
DA:42,1
DA:44,2
DA:46,2
DA:49,0
DA:51,1
LF:19
LH:16
end_of_record
SF:lib/src/models/weather.dart
DA:27,3
DA:52,2
DA:56,3
DA:78,1
DA:96,2
DA:97,2
LF:6
LH:6
end_of_record
SF:lib/src/models/weather.g.dart
DA:11,2
DA:12,4
DA:13,1
DA:14,4
DA:16,4
DA:17,2
DA:18,4
DA:19,1
DA:20,2
DA:22,3
DA:23,1
DA:24,2
DA:25,3
DA:26,3
DA:27,3
DA:29,3
DA:31,3
DA:33,3
DA:34,2
DA:36,3
DA:37,2
DA:54,2
DA:60,0
DA:62,0
DA:66,4
DA:67,6
DA:68,1
DA:70,2
DA:72,2
DA:75,0
DA:77,1
LF:31
LH:28
end_of_record
