SF:lib/weather/widgets/weather_loading.dart
DA:5,10
DA:7,1
DA:9,1
DA:12,1
DA:13,1
DA:15,2
LF:6
LH:6
end_of_record
SF:lib/styles/sizing.dart
DA:2,0
DA:4,0
DA:6,5
DA:8,1
DA:10,4
DA:12,0
LF:6
LH:3
end_of_record
SF:lib/search/view/search_page.dart
DA:5,2
DA:7,1
DA:8,3
DA:11,1
DA:12,1
DA:18,3
DA:20,1
DA:22,2
DA:23,1
DA:26,1
DA:28,1
DA:29,1
DA:30,1
DA:31,1
DA:32,1
DA:33,1
DA:37,1
DA:38,1
DA:46,1
DA:47,2
DA:48,1
DA:49,1
DA:50,1
DA:51,1
DA:53,1
DA:56,1
DA:57,0
DA:58,1
DA:60,2
DA:62,1
DA:63,1
DA:65,1
DA:66,1
DA:74,1
DA:77,1
DA:78,3
DA:79,3
DA:80,0
DA:81,0
DA:84,0
DA:85,0
LF:41
LH:36
end_of_record
SF:lib/settings/view/settings_page.dart
DA:7,1
DA:8,1
DA:9,2
DA:11,1
DA:16,1
DA:18,1
DA:19,1
DA:20,1
DA:21,1
DA:22,1
DA:23,1
DA:27,1
DA:28,1
DA:36,1
DA:37,2
DA:38,1
DA:39,1
DA:40,1
DA:41,1
DA:42,3
DA:43,1
DA:44,1
DA:45,1
DA:47,2
DA:50,1
DA:51,3
DA:52,2
DA:54,1
DA:55,2
DA:56,1
DA:57,2
LF:31
LH:31
end_of_record
SF:lib/weather/cubit/weather_cubit.g.dart
DA:9,2
DA:10,4
DA:11,2
DA:12,2
DA:13,4
DA:14,2
DA:15,4
DA:16,2
DA:19,2
DA:20,2
DA:26,3
DA:27,3
DA:28,6
DA:29,6
DA:30,6
DA:33,2
DA:39,0
DA:41,0
DA:45,4
DA:46,6
DA:47,0
DA:49,0
DA:51,0
DA:54,0
DA:56,2
LF:25
LH:19
end_of_record
SF:lib/weather/cubit/weather_cubit.dart
DA:12,9
DA:16,2
DA:17,2
DA:19,6
DA:23,2
DA:28,6
DA:32,4
DA:33,2
DA:34,6
DA:35,4
DA:38,2
DA:39,4
DA:42,4
DA:45,2
DA:47,6
DA:52,2
DA:53,6
DA:54,8
DA:60,2
DA:61,12
DA:65,4
DA:66,2
DA:67,6
DA:68,4
DA:71,2
DA:72,4
DA:75,4
DA:79,2
DA:80,4
DA:85,2
DA:86,6
DA:91,6
DA:92,6
DA:96,4
DA:97,4
DA:98,2
DA:99,2
DA:100,4
DA:101,4
DA:103,2
DA:104,4
DA:106,4
DA:113,2
DA:115,2
DA:118,3
DA:119,3
DA:123,8
DA:125,8
LF:48
LH:48
end_of_record
SF:lib/weather/cubit/weather_state.dart
DA:3,10
DA:6,2
DA:8,2
DA:10,6
DA:12,2
DA:17,4
DA:21,4
DA:23,2
DA:24,2
DA:30,2
DA:35,2
DA:36,2
DA:37,2
DA:38,2
DA:42,6
DA:44,2
DA:45,8
LF:17
LH:17
end_of_record
SF:lib/weather/models/weather.dart
DA:9,10
DA:12,4
DA:14,6
DA:19,11
DA:21,2
DA:22,2
DA:26,6
DA:28,2
DA:29,4
DA:34,5
DA:41,2
DA:42,2
DA:44,2
DA:45,2
DA:46,2
DA:47,2
DA:48,2
DA:49,4
DA:53,12
DA:55,4
DA:65,2
DA:66,10
DA:68,6
DA:70,2
DA:76,2
DA:77,2
DA:78,2
DA:79,2
DA:80,0
LF:29
LH:28
end_of_record
SF:lib/weather/models/weather.g.dart
DA:9,2
DA:10,4
DA:11,2
DA:12,6
DA:18,3
DA:19,3
DA:20,3
DA:23,2
DA:24,4
DA:25,2
DA:26,2
DA:27,4
DA:28,2
DA:29,4
DA:30,4
DA:31,2
DA:32,4
DA:38,6
DA:39,6
DA:40,6
DA:41,3
DA:42,6
DA:45,2
DA:51,0
DA:53,0
DA:57,4
DA:58,6
DA:59,0
DA:61,0
DA:63,0
DA:66,0
DA:68,2
LF:32
LH:26
end_of_record
SF:lib/weather/view/weather_page.dart
DA:10,1
DA:12,1
DA:13,3
DA:14,1
DA:20,1
DA:22,1
DA:23,1
DA:24,1
DA:25,1
DA:26,1
DA:30,1
DA:31,1
DA:37,1
DA:38,1
DA:41,0
DA:42,0
DA:43,0
DA:44,0
DA:51,1
DA:53,1
DA:54,1
DA:55,1
DA:56,1
DA:57,1
DA:59,0
DA:61,0
DA:62,0
DA:63,0
DA:64,0
DA:65,0
DA:66,0
DA:77,1
DA:81,0
DA:82,0
DA:83,0
LF:35
LH:21
end_of_record
SF:lib/weather/widgets/weather_empty.dart
DA:5,10
DA:7,2
DA:9,2
DA:12,2
DA:13,2
DA:15,2
DA:17,4
DA:18,2
DA:20,4
LF:9
LH:9
end_of_record
SF:lib/weather/widgets/weather_error.dart
DA:5,10
DA:7,1
DA:9,1
DA:12,1
DA:13,1
DA:15,1
DA:17,2
DA:18,1
DA:20,2
DA:22,1
DA:25,2
LF:11
LH:11
end_of_record
SF:lib/weather/widgets/weather_populated.dart
DA:6,0
DA:11,0
DA:17,0
DA:19,0
DA:20,0
DA:22,0
DA:23,0
DA:24,0
DA:27,0
DA:28,0
DA:29,0
DA:30,0
DA:31,0
DA:32,0
DA:33,0
DA:35,0
DA:36,0
DA:37,0
DA:39,0
DA:40,0
DA:42,0
DA:55,0
DA:59,0
DA:61,0
DA:62,0
DA:69,0
DA:71,0
DA:73,0
DA:75,0
DA:77,0
DA:87,0
DA:88,0
LF:32
LH:0
end_of_record
SF:lib/app.dart
DA:8,1
DA:10,1
DA:14,1
DA:16,1
DA:17,1
DA:18,1
DA:24,1
DA:26,2
DA:28,1
DA:29,1
DA:30,1
DA:31,1
DA:32,0
DA:33,0
DA:38,1
DA:39,0
DA:40,0
DA:46,1
DA:47,1
DA:49,1
DA:50,1
DA:51,1
DA:57,1
LF:23
LH:19
end_of_record
